Using pre-set license
Built from '2020.3/release' branch; Version is '2020.3.12f1 (b3b2c6512326) revision 11776710'; Using compiler version '192528614'; Build Type 'Release'
OS: 'Windows 10 Pro; OS build 19042.1237; Version 2009; 64bit' Language: 'en' Physical Memory: 7856 MB
BatchMode: 1, IsHumanControllingUs: 0, StartBugReporterOnCrash: 0, Is64bit: 1, IsPro: 0

 COMMAND LINE ARGUMENTS:
D:\Farida\2020.3.12f1\Editor\Unity.exe
-adb2
-batchMode
-noUpm
-name
AssetImportWorker0
-projectPath
D:/Farida/ObstacleRace/MiniProject2
-logFile
Logs/AssetImportWorker0.log
-srvPort
55597
Successfully changed project path to: D:/Farida/ObstacleRace/MiniProject2
D:/Farida/ObstacleRace/MiniProject2
Using Asset Import Pipeline V2.
Refreshing native plugins compatible for Editor in 263.98 ms, found 2 plugins.
Preloading 0 native plugins for Editor in 0.00 ms.
Initialize engine version: 2020.3.12f1 (b3b2c6512326)
[Subsystems] Discovering subsystems at path D:/Farida/2020.3.12f1/Editor/Data/Resources/UnitySubsystems
[Subsystems] Discovering subsystems at path D:/Farida/ObstacleRace/MiniProject2/Assets
GfxDevice: creating device client; threaded=0
Direct3D:
    Version:  Direct3D 11.0 [level 11.1]
    Renderer: Intel(R) HD Graphics 520 (ID=0x1916)
    Vendor:   
    VRAM:     3928 MB
    Driver:   26.20.100.8142
Initialize mono
Mono path[0] = 'D:/Farida/2020.3.12f1/Editor/Data/Managed'
Mono path[1] = 'D:/Farida/2020.3.12f1/Editor/Data/MonoBleedingEdge/lib/mono/unityjit'
Mono config path = 'D:/Farida/2020.3.12f1/Editor/Data/MonoBleedingEdge/etc'
Using monoOptions --debugger-agent=transport=dt_socket,embedding=1,server=y,suspend=n,address=127.0.0.1:56372
Begin MonoManager ReloadAssembly
Registering precompiled unity dll's ...
Register platform support module: D:/Farida/2020.3.12f1/Editor/Data/PlaybackEngines/WebGLSupport/UnityEditor.WebGL.Extensions.dll
Register platform support module: D:/Farida/2020.3.12f1/Editor/Data/PlaybackEngines/WindowsStandaloneSupport/UnityEditor.WindowsStandalone.Extensions.dll
Registered in 0.002366 seconds.
Native extension for WindowsStandalone target not found
Native extension for WebGL target not found
Refreshing native plugins compatible for Editor in 76.84 ms, found 2 plugins.
Preloading 0 native plugins for Editor in 0.00 ms.
Mono: successfully reloaded assembly
- Completed reload, in  3.527 seconds
Platform modules already initialized, skipping
Registering precompiled user dll's ...
Registered in 0.006097 seconds.
Begin MonoManager ReloadAssembly
Native extension for WindowsStandalone target not found
Native extension for WebGL target not found
Refreshing native plugins compatible for Editor in 0.60 ms, found 2 plugins.
Preloading 0 native plugins for Editor in 0.00 ms.
Mono: successfully reloaded assembly
- Completed reload, in  2.459 seconds
Platform modules already initialized, skipping
========================================================================
Worker process is ready to serve import requests
Launched and connected shader compiler UnityShaderCompiler.exe after 0.11 seconds
Refreshing native plugins compatible for Editor in 0.69 ms, found 2 plugins.
Preloading 0 native plugins for Editor in 0.00 ms.
Unloading 1386 Unused Serialized files (Serialized files now loaded: 0)
System memory in use before: 64.7 MB.
System memory in use after: 64.7 MB.

Unloading 19 unused Assets to reduce memory usage. Loaded Objects now: 1819.
Total: 4.766800 ms (FindLiveObjects: 0.347100 ms CreateObjectMapping: 0.137900 ms MarkObjects: 4.058100 ms  DeleteObjects: 0.221400 ms)

AssetImportParameters requested are different than current active one (requested -> active):
  custom:framework-win-MediaFoundation: 216162199b28c13a410421893ffa2e32 -> 
  custom:video-decoder-ogg-theora: a1e56fd34408186e4bbccfd4996cb3dc -> 
  custom:container-muxer-webm: aa71ff27fc2769a1b78a27578f13a17b -> 
  custom:container-demuxer-webm: 4f35f7cbe854078d1ac9338744f61a02 -> 
  custom:container-demuxer-ogg: 62fdf1f143b41e24485cea50d1cbac27 -> 
  custom:video-encoder-webm-vp8: eb34c28f22e8b96e1ab97ce403110664 -> 
  custom:video-decoder-webm-vp8: 9c59270c3fd7afecdb556c50c9e8de78 -> 
  custom:audio-decoder-ogg-vorbis: bf7c407c2cedff20999df2af8eb42d56 -> 
  custom:audio-encoder-webm-vorbis: bf7c407c2cedff20999df2af8eb42d56 -> 
========================================================================
Received Import Request.
  path: Assets
  artifactKey: Guid(00000000000000001000000000000000) Importer(815301076,1909f56bfc062723c751e8b465ee728b)
Start importing Assets using Guid(00000000000000001000000000000000) Importer(815301076,1909f56bfc062723c751e8b465ee728b)  -> (artifact id: '42d402b061de3733987d63b9cc3b64de') in 0.017886 seconds 
  Import took 0.029127 seconds .

========================================================================
Received Import Request.
  Time since last request: 0.000640 seconds.
  path: Assets/Matrials
  artifactKey: Guid(0620837e87c60054eb0644f575e44aa2) Importer(815301076,1909f56bfc062723c751e8b465ee728b)
Start importing Assets/Matrials using Guid(0620837e87c60054eb0644f575e44aa2) Importer(815301076,1909f56bfc062723c751e8b465ee728b)  -> (artifact id: '691975a2ee72f302840996b34f2a7f7e') in 0.011558 seconds 
  Import took 0.017276 seconds .

========================================================================
Received Import Request.
  Time since last request: 7.117105 seconds.
  path: Assets/Textures
  artifactKey: Guid(1224291a2b37f9f42841fc71b0b09619) Importer(815301076,1909f56bfc062723c751e8b465ee728b)
Start importing Assets/Textures using Guid(1224291a2b37f9f42841fc71b0b09619) Importer(815301076,1909f56bfc062723c751e8b465ee728b)  -> (artifact id: '68506a1d75e0673e00679e6834fc7904') in 0.015860 seconds 
  Import took 0.023522 seconds .

========================================================================
Received Import Request.
  Time since last request: 0.000692 seconds.
  path: Assets/Textures
  artifactKey: Guid(1224291a2b37f9f42841fc71b0b09619) Importer(815301076,1909f56bfc062723c751e8b465ee728b)
Start importing Assets/Textures using Guid(1224291a2b37f9f42841fc71b0b09619) Importer(815301076,1909f56bfc062723c751e8b465ee728b)  -> (artifact id: '68506a1d75e0673e00679e6834fc7904') in 0.009214 seconds 
  Import took 0.019549 seconds .

========================================================================
Received Import Request.
  Time since last request: 7.811475 seconds.
  path: Assets/Assets
  artifactKey: Guid(90a0f503e7963434681c97dc6ecf39a7) Importer(815301076,1909f56bfc062723c751e8b465ee728b)
Start importing Assets/Assets using Guid(90a0f503e7963434681c97dc6ecf39a7) Importer(815301076,1909f56bfc062723c751e8b465ee728b)  -> (artifact id: '48a9f7a9826cbe16db9ca5971c61d2b9') in 0.007014 seconds 
  Import took 0.013087 seconds .

========================================================================
Received Import Request.
  Time since last request: 5.450954 seconds.
  path: Assets/Animation
  artifactKey: Guid(4861f80131990d64997f82453d408656) Importer(815301076,1909f56bfc062723c751e8b465ee728b)
Start importing Assets/Animation using Guid(4861f80131990d64997f82453d408656) Importer(815301076,1909f56bfc062723c751e8b465ee728b)  -> (artifact id: '8d31d635e4c048dd3d91c37d275d2bf5') in 0.012092 seconds 
  Import took 0.018819 seconds .

========================================================================
Received Import Request.
  Time since last request: 7.784186 seconds.
  path: Assets/Sounds
  artifactKey: Guid(5c03364f83b62c447befee90439d61c4) Importer(815301076,1909f56bfc062723c751e8b465ee728b)
Start importing Assets/Sounds using Guid(5c03364f83b62c447befee90439d61c4) Importer(815301076,1909f56bfc062723c751e8b465ee728b)  -> (artifact id: '29b9ddbfd5a0203960c3e9951548b3b7') in 0.016146 seconds 
  Import took 0.021157 seconds .

========================================================================
Received Import Request.
  Time since last request: 25.798416 seconds.
  path: Assets/New Folder
  artifactKey: Guid(62e2e50c2ae85bb48aeac785de85c8e7) Importer(815301076,1909f56bfc062723c751e8b465ee728b)
Start importing Assets/New Folder using Guid(62e2e50c2ae85bb48aeac785de85c8e7) Importer(815301076,1909f56bfc062723c751e8b465ee728b)  -> (artifact id: '739e6b54dc751bd65722dfade4ab43cd') in 0.012897 seconds 
  Import took 0.019992 seconds .

AssetImportWorkerClient::OnTransportError - code=2 error=End of file
